<?xml version="1.0" encoding="UTF-8"?>
<!-- Generated by org.testng.reporters.JUnitReportReporter -->
<testsuite hostname="usnycpww4255.global.publicisgroupe.net" name="chrome.browser.launchChrome" tests="2" failures="0" timestamp="22 Aug 2017 18:37:18 GMT" time="0.003" errors="0">
  <testcase name="getURL" time="0.003" classname="chrome.browser.launchChrome"/>
  <testcase name="backTop" time="0.000" classname="chrome.browser.launchChrome"/>
</testsuite> <!-- chrome.browser.launchChrome -->
