<?xml version="1.0" encoding="UTF-8"?>
<!-- Generated by org.testng.reporters.JUnitReportReporter -->
<testsuite hostname="usnycpww4255.global.publicisgroupe.net" name="chrome.browser.MobileChromeSafari" tests="1" failures="0" timestamp="8 Sep 2017 15:04:52 GMT" time="256.444" errors="0">
  <testcase name="testSimple" time="256.444" classname="chrome.browser.MobileChromeSafari"/>
</testsuite> <!-- chrome.browser.MobileChromeSafari -->
