<?xml version="1.0" encoding="UTF-8"?>
<!-- Generated by org.testng.reporters.JUnitReportReporter -->
<testsuite hostname="usnycpww4255.global.publicisgroupe.net" name="chrome.browser.WindowsChrome" tests="1" failures="0" timestamp="6 Sep 2017 14:24:33 GMT" time="56.762" errors="0">
  <testcase name="testSimple" time="56.762" classname="chrome.browser.WindowsChrome"/>
</testsuite> <!-- chrome.browser.WindowsChrome -->
